Removed Pin From Net: NetName=MPU_8 Pin=P1-8
Removed Pin From Net: NetName=MPU_9 Pin=P1-9
Removed Pin From Net: NetName=MPU_10 Pin=P1-10
Removed Pin From Net: NetName=MPU_11 Pin=P1-11
Removed Pin From Net: NetName=MPU_12 Pin=P1-12
Removed Pin From Net: NetName=MPU_13 Pin=P1-13
Removed Pin From Net: NetName=MPU_15 Pin=P1-15
Removed Pin From Net: NetName=MPU_16 Pin=P1-16
Removed Pin From Net: NetName=MPU_17 Pin=P1-17
Removed Pin From Net: NetName=MPU_18 Pin=P1-18
Removed Pin From Net: NetName=MPU_19 Pin=P1-19
Removed Pin From Net: NetName=MPU_20 Pin=P1-20
Removed Pin From Net: NetName=MPU_21 Pin=P2-1
Removed Pin From Net: NetName=MPU_22 Pin=P2-2
Removed Pin From Net: NetName=MPU_23 Pin=P2-3
Removed Pin From Net: NetName=MPU_24 Pin=P2-4
Removed Pin From Net: NetName=HMC_1 Pin=P2-5
Removed Pin From Net: NetName=HMC_2 Pin=P2-6
Removed Pin From Net: NetName=HMC_3 Pin=P2-7
Removed Pin From Net: NetName=HMC_4 Pin=P2-8
Removed Pin From Net: NetName=HMC_5 Pin=P2-9
Removed Pin From Net: NetName=HMC_6 Pin=P2-10
Removed Pin From Net: NetName=HMC_8 Pin=P2-12
Removed Pin From Net: NetName=HMC_9 Pin=P2-13
Removed Pin From Net: NetName=HMC_10 Pin=P2-14
Removed Pin From Net: NetName=HMC_11 Pin=P2-15
Removed Pin From Net: NetName=HMC_12 Pin=P2-16
Removed Pin From Net: NetName=HMC_13 Pin=P2-17
Removed Pin From Net: NetName=HMC_14 Pin=P2-18
Removed Pin From Net: NetName=HMC_15 Pin=P2-19
Removed Pin From Net: NetName=HMC_16 Pin=P2-20
Change Component DesignItemId : Designator=P1 Old DesignItemId=Header 20 New DesignItemId=Header 15
Change Component DesignItemId : Designator=P2 Old DesignItemId=Header 20 New DesignItemId=Header 15
Change Component Footprint: Designator=P1 Old Footprint=HDR1X20 New Footprint=HDR1X15
Change Component Footprint: Designator=P2 Old Footprint=HDR1X20 New Footprint=HDR1X15
Change Component Comment : Designator=P1 Old Comment=Header 20 New Comment=Header 15
Change Component Comment : Designator=P2 Old Comment=Header 20 New Comment=Header 15
Added Component: Designator=P3(HDR1X6)
Added Component: Designator=P4(HDR1X6)
Added Pin To Net: NetName=HMC_9 Pin=P1-8
Added Pin To Net: NetName=HMC_10 Pin=P1-9
Added Pin To Net: NetName=HMC_11 Pin=P1-10
Added Pin To Net: NetName=HMC_12 Pin=P1-11
Added Pin To Net: NetName=HMC_13 Pin=P1-12
Added Pin To Net: NetName=HMC_14 Pin=P1-13
Added Pin To Net: NetName=HMC_15 Pin=P1-14
Added Pin To Net: NetName=HMC_16 Pin=P1-15
Added Pin To Net: NetName=HMC_5 Pin=P2-1
Added Pin To Net: NetName=HMC_6 Pin=P2-2
Added Pin To Net: NetName=HMC_8 Pin=P2-4
Added Pin To Net: NetName=MPU_8 Pin=P2-5
Added Pin To Net: NetName=MPU_9 Pin=P2-6
Added Pin To Net: NetName=MPU_10 Pin=P2-7
Added Pin To Net: NetName=MPU_11 Pin=P2-8
Added Pin To Net: NetName=MPU_12 Pin=P2-9
Added Pin To Net: NetName=MPU_13 Pin=P2-10
Added Pin To Net: NetName=MPU_15 Pin=P2-12
Added Pin To Net: NetName=MPU_16 Pin=P2-13
Added Pin To Net: NetName=MPU_17 Pin=P2-14
Added Pin To Net: NetName=MPU_18 Pin=P2-15
Added Pin To Net: NetName=MPU_19 Pin=P3-1
Added Pin To Net: NetName=MPU_20 Pin=P3-2
Added Pin To Net: NetName=MPU_21 Pin=P3-3
Added Pin To Net: NetName=MPU_22 Pin=P3-4
Added Pin To Net: NetName=MPU_23 Pin=P3-5
Added Pin To Net: NetName=MPU_24 Pin=P3-6
Added Pin To Net: NetName=HMC_1 Pin=P4-1
Added Pin To Net: NetName=HMC_2 Pin=P4-2
Added Pin To Net: NetName=HMC_3 Pin=P4-3
Added Pin To Net: NetName=HMC_4 Pin=P4-4
Change Net Name : Old Net Name=HMC_7 New Net Name=MPU_14
Added Pin To Net: NetName=HMC_7 Pin=P2-3
Added Net: Name=HMC_7
Added Member To Class: ClassName=ATTITUDE Member=Component P3 Header 6
Added Member To Class: ClassName=ATTITUDE Member=Component P4 Header 6
Added Room: Name=ATTITUDE
